<?xml version="1.0" encoding="UTF-8"?>
<!-- Generated by org.testng.reporters.JUnitReportReporter -->
<testsuite hostname="AshishPC" failures="0" tests="2" name="qaclickacademy.RESTAPITest" time="0.004" errors="0" timestamp="2020-05-13T13:15:05 IST" skipped="0">
  <testcase classname="qaclickacademy.RESTAPITest" name="postJira" time="0.000"/>
  <system-out/>
  <testcase classname="qaclickacademy.RESTAPITest" name="deleteTwitter" time="0.004"/>
  <system-out/>
</testsuite> <!-- qaclickacademy.RESTAPITest -->
